<?xml version="1.0" encoding="UTF-8"?>
<!-- Generated by org.testng.reporters.JUnitReportReporter -->
<testsuite hostname="NADSUM" failures="0" tests="4" name="twoPointers_Array.PS08_IntersectionOfTwoArraysII_350" time="0.021" errors="0" timestamp="2022-10-20T01:25:58 IST" skipped="0">
  <testcase classname="twoPointers_Array.PS08_IntersectionOfTwoArraysII_350" name="example3" time="0.001"/>
  <system-out/>
  <testcase classname="twoPointers_Array.PS08_IntersectionOfTwoArraysII_350" name="example4" time="0.001"/>
  <system-out/>
  <testcase classname="twoPointers_Array.PS08_IntersectionOfTwoArraysII_350" name="example1" time="0.017"/>
  <system-out/>
  <testcase classname="twoPointers_Array.PS08_IntersectionOfTwoArraysII_350" name="example2" time="0.002"/>
  <system-out/>
</testsuite> <!-- twoPointers_Array.PS08_IntersectionOfTwoArraysII_350 -->
