<?xml version="1.0" encoding="UTF-8"?>
<!-- Generated by org.testng.reporters.JUnitReportReporter -->
<testsuite hostname="NADSUM" failures="0" tests="3" name="twoPointers_Array.FlipAndInvertImage" time="0.019" errors="0" timestamp="2022-10-21T01:52:06 IST" skipped="0">
  <testcase classname="twoPointers_Array.FlipAndInvertImage" name="example4" time="0.001"/>
  <system-out/>
  <testcase classname="twoPointers_Array.FlipAndInvertImage" name="example2" time="0.002"/>
  <system-out/>
  <testcase classname="twoPointers_Array.FlipAndInvertImage" name="example1" time="0.016"/>
  <system-out/>
</testsuite> <!-- twoPointers_Array.FlipAndInvertImage -->
