<?xml version="1.0" encoding="UTF-8"?>
<!-- Generated by org.testng.reporters.JUnitReportReporter -->
<testsuite hostname="NADSUM" failures="0" tests="4" name="twoPointer_String.P02_MergeStringsAlternately" time="0.016" errors="0" timestamp="2022-10-20T17:19:41 IST" skipped="0">
  <testcase classname="twoPointer_String.P02_MergeStringsAlternately" name="example5" time="0.002"/>
  <system-out/>
  <testcase classname="twoPointer_String.P02_MergeStringsAlternately" name="example1" time="0.012"/>
  <system-out/>
  <testcase classname="twoPointer_String.P02_MergeStringsAlternately" name="example2" time="0.001"/>
  <system-out/>
  <testcase classname="twoPointer_String.P02_MergeStringsAlternately" name="example4" time="0.001"/>
  <system-out/>
</testsuite> <!-- twoPointer_String.P02_MergeStringsAlternately -->
