<?xml version="1.0" encoding="UTF-8"?>
<!-- Generated by org.testng.reporters.JUnitReportReporter -->
<testsuite hostname="NADSUM" failures="0" tests="4" name="twoPointer_String.ReverseVowels" time="0.020" errors="0" timestamp="2022-10-21T17:53:07 IST" skipped="0">
  <testcase classname="twoPointer_String.ReverseVowels" name="example4" time="0.003"/>
  <system-out/>
  <testcase classname="twoPointer_String.ReverseVowels" name="example1" time="0.013"/>
  <system-out/>
  <testcase classname="twoPointer_String.ReverseVowels" name="example2" time="0.002"/>
  <system-out/>
  <testcase classname="twoPointer_String.ReverseVowels" name="example3" time="0.002"/>
  <system-out/>
</testsuite> <!-- twoPointer_String.ReverseVowels -->
