<?xml version="1.0" encoding="UTF-8"?>
<!-- Generated by org.testng.reporters.JUnitReportReporter -->
<testsuite hostname="NADSUM" failures="0" tests="4" name="test.AssignCookies" time="0.015" errors="0" timestamp="2022-10-19T23:35:31 IST" skipped="0">
  <testcase classname="test.AssignCookies" name="example2" time="0.001"/>
  <system-out/>
  <testcase classname="test.AssignCookies" name="example1" time="0.012"/>
  <system-out/>
  <testcase classname="test.AssignCookies" name="example5" time="0.001"/>
  <system-out/>
  <testcase classname="test.AssignCookies" name="example3" time="0.001"/>
  <system-out/>
</testsuite> <!-- test.AssignCookies -->
