<?xml version="1.0" encoding="UTF-8"?>
<!-- Generated by org.testng.reporters.JUnitReportReporter -->
<testsuite hostname="NADSUM" failures="0" tests="1" name="test.Movezero" time="0.013" errors="0" timestamp="2022-10-18T22:49:27 IST" skipped="0">
  <testcase classname="test.Movezero" name="example1" time="0.013"/>
  <system-out/>
</testsuite> <!-- test.Movezero -->
