<?xml version="1.0" encoding="UTF-8"?>
<!-- Generated by org.testng.reporters.JUnitReportReporter -->
<testsuite hostname="NADSUM" failures="0" tests="1" name="test.Cookies" time="0.024" errors="0" timestamp="2022-10-18T21:57:01 IST" skipped="0">
  <testcase classname="test.Cookies" name="example1" time="0.024"/>
  <system-out/>
</testsuite> <!-- test.Cookies -->
