<?xml version="1.0" encoding="UTF-8"?>
<!-- Generated by org.testng.reporters.JUnitReportReporter -->
<testsuite hostname="NADSUM" failures="0" tests="4" name="twoPointer_String.RemovePalindromeSubsequence" time="0.018" errors="0" timestamp="2022-10-21T22:36:58 IST" skipped="0">
  <testcase classname="twoPointer_String.RemovePalindromeSubsequence" name="example4" time="0.001"/>
  <system-out/>
  <testcase classname="twoPointer_String.RemovePalindromeSubsequence" name="example1" time="0.013"/>
  <system-out/>
  <testcase classname="twoPointer_String.RemovePalindromeSubsequence" name="example2" time="0.002"/>
  <system-out/>
  <testcase classname="twoPointer_String.RemovePalindromeSubsequence" name="example3" time="0.002"/>
  <system-out/>
</testsuite> <!-- twoPointer_String.RemovePalindromeSubsequence -->
