<?xml version="1.0" encoding="UTF-8"?>
<!-- Generated by org.testng.reporters.JUnitReportReporter -->
<testsuite hostname="NADSUM" failures="0" tests="4" name="twoPointers_Array.S04_IntersectionOfTwoArrays_349" time="0.019" errors="0" timestamp="2022-10-20T01:42:24 IST" skipped="0">
  <testcase classname="twoPointers_Array.S04_IntersectionOfTwoArrays_349" name="example2" time="0.001"/>
  <system-out/>
  <testcase classname="twoPointers_Array.S04_IntersectionOfTwoArrays_349" name="example1" time="0.016"/>
  <system-out/>
  <testcase classname="twoPointers_Array.S04_IntersectionOfTwoArrays_349" name="example4" time="0.001"/>
  <system-out/>
  <testcase classname="twoPointers_Array.S04_IntersectionOfTwoArrays_349" name="example3" time="0.001"/>
  <system-out/>
</testsuite> <!-- twoPointers_Array.S04_IntersectionOfTwoArrays_349 -->
