<?xml version="1.0" encoding="UTF-8"?>
<!-- Generated by org.testng.reporters.JUnitReportReporter -->
<testsuite hostname="NADSUM" failures="0" tests="4" name="test.ReversePrefix" time="0.035" errors="0" timestamp="2022-10-19T08:54:36 IST" skipped="0">
  <testcase classname="test.ReversePrefix" name="example4" time="0.001"/>
  <system-out/>
  <testcase classname="test.ReversePrefix" name="example1" time="0.030"/>
  <system-out/>
  <testcase classname="test.ReversePrefix" name="example2" time="0.002"/>
  <system-out/>
  <testcase classname="test.ReversePrefix" name="example3" time="0.002"/>
  <system-out/>
</testsuite> <!-- test.ReversePrefix -->
