<?xml version="1.0" encoding="UTF-8"?>
<!-- Generated by org.testng.reporters.JUnitReportReporter -->
<testsuite hostname="NADSUM" failures="0" tests="1" name="test.ReverseString" time="0.013" errors="0" timestamp="2022-10-19T19:54:55 IST" skipped="0">
  <testcase classname="test.ReverseString" name="example1" time="0.013"/>
  <system-out/>
</testsuite> <!-- test.ReverseString -->
