<?xml version="1.0" encoding="UTF-8"?>
<!-- Generated by org.testng.reporters.JUnitReportReporter -->
<testsuite hostname="NADSUM" failures="0" tests="5" name="twoPointer_String.ReversePrefix" time="0.018" errors="0" timestamp="2022-10-20T17:28:14 IST" skipped="0">
  <testcase classname="twoPointer_String.ReversePrefix" name="example3" time="0.002"/>
  <system-out/>
  <testcase classname="twoPointer_String.ReversePrefix" name="example1" time="0.012"/>
  <system-out/>
  <testcase classname="twoPointer_String.ReversePrefix" name="example2" time="0.001"/>
  <system-out/>
  <testcase classname="twoPointer_String.ReversePrefix" name="example5" time="0.002"/>
  <system-out/>
  <testcase classname="twoPointer_String.ReversePrefix" name="example4" time="0.001"/>
  <system-out/>
</testsuite> <!-- twoPointer_String.ReversePrefix -->
