<?xml version="1.0" encoding="UTF-8"?>
<!-- Generated by org.testng.reporters.JUnitReportReporter -->
<testsuite hostname="NADSUM" failures="0" tests="4" name="test.RemoveEle" time="0.028" errors="0" timestamp="2022-10-20T00:09:20 IST" skipped="0">
  <testcase classname="test.RemoveEle" name="example3" time="0.001"/>
  <system-out/>
  <testcase classname="test.RemoveEle" name="example1" time="0.023"/>
  <system-out/>
  <testcase classname="test.RemoveEle" name="example2" time="0.002"/>
  <system-out/>
  <testcase classname="test.RemoveEle" name="example4" time="0.002"/>
  <system-out/>
</testsuite> <!-- test.RemoveEle -->
