<?xml version="1.0" encoding="UTF-8"?>
<!-- Generated by org.testng.reporters.JUnitReportReporter -->
<testsuite hostname="NADSUM" failures="0" tests="1" name="test.MergeArray" time="0.014" errors="0" timestamp="2022-10-19T23:51:09 IST" skipped="0">
  <testcase classname="test.MergeArray" name="example1" time="0.014"/>
  <system-out/>
</testsuite> <!-- test.MergeArray -->
