<?xml version="1.0" encoding="UTF-8"?>
<!-- Generated by org.testng.reporters.JUnitReportReporter -->
<testsuite hostname="NADSUM" failures="0" tests="1" name="test.MergeAlternately$Cookies" time="0.007" errors="0" timestamp="2022-10-18T21:19:06 IST" skipped="0">
  <testcase classname="test.MergeAlternately$Cookies" name="example1" time="0.007"/>
  <system-out/>
</testsuite> <!-- test.MergeAlternately$Cookies -->
