<?xml version="1.0" encoding="UTF-8"?>
<!-- Generated by org.testng.reporters.JUnitReportReporter -->
<testsuite hostname="NADSUM" failures="0" tests="9" name="twoPointer_String.S_04LongPressedName" time="0.021" errors="0" timestamp="2022-10-20T15:16:52 IST" skipped="0">
  <testcase classname="twoPointer_String.S_04LongPressedName" name="example2" time="0.001"/>
  <system-out/>
  <testcase classname="twoPointer_String.S_04LongPressedName" name="example1" time="0.011"/>
  <system-out/>
  <testcase classname="twoPointer_String.S_04LongPressedName" name="example7" time="0.001"/>
  <system-out/>
  <testcase classname="twoPointer_String.S_04LongPressedName" name="example8" time="0.001"/>
  <system-out/>
  <testcase classname="twoPointer_String.S_04LongPressedName" name="example9" time="0.001"/>
  <system-out/>
  <testcase classname="twoPointer_String.S_04LongPressedName" name="example3" time="0.002"/>
  <system-out/>
  <testcase classname="twoPointer_String.S_04LongPressedName" name="example6" time="0.001"/>
  <system-out/>
  <testcase classname="twoPointer_String.S_04LongPressedName" name="example4" time="0.002"/>
  <system-out/>
  <testcase classname="twoPointer_String.S_04LongPressedName" name="example5" time="0.001"/>
  <system-out/>
</testsuite> <!-- twoPointer_String.S_04LongPressedName -->
