<?xml version="1.0" encoding="UTF-8"?>
<!-- Generated by org.testng.reporters.JUnitReportReporter -->
<testsuite hostname="NADSUM" failures="0" tests="5" name="twoPointer_String.ReverseWordsinString" time="0.014" errors="0" timestamp="2022-10-20T23:50:03 IST" skipped="0">
  <testcase classname="twoPointer_String.ReverseWordsinString" name="example3" time="0.002"/>
  <system-out/>
  <testcase classname="twoPointer_String.ReverseWordsinString" name="example1" time="0.009"/>
  <system-out/>
  <testcase classname="twoPointer_String.ReverseWordsinString" name="example2" time="0.002"/>
  <system-out/>
  <testcase classname="twoPointer_String.ReverseWordsinString" name="example6" time="0.000"/>
  <system-out/>
  <testcase classname="twoPointer_String.ReverseWordsinString" name="example5" time="0.001"/>
  <system-out/>
</testsuite> <!-- twoPointer_String.ReverseWordsinString -->
