<?xml version="1.0" encoding="UTF-8"?>
<!-- Generated by org.testng.reporters.JUnitReportReporter -->
<testsuite hostname="NADSUM" failures="0" tests="5" name="test.reverseOnlyLetters" time="0.019" errors="0" timestamp="2022-10-19T19:35:40 IST" skipped="0">
  <testcase classname="test.reverseOnlyLetters" name="example3" time="0.002"/>
  <system-out/>
  <testcase classname="test.reverseOnlyLetters" name="example1" time="0.011"/>
  <system-out/>
  <testcase classname="test.reverseOnlyLetters" name="example2" time="0.002"/>
  <system-out/>
  <testcase classname="test.reverseOnlyLetters" name="example5" time="0.002"/>
  <system-out/>
  <testcase classname="test.reverseOnlyLetters" name="example4" time="0.002"/>
  <system-out/>
</testsuite> <!-- test.reverseOnlyLetters -->
