<?xml version="1.0" encoding="UTF-8"?>
<!-- Generated by org.testng.reporters.JUnitReportReporter -->
<testsuite hostname="NADSUM" failures="0" tests="7" name="test.CheckIfExist" time="0.013" errors="0" timestamp="2022-10-19T18:39:06 IST" skipped="0">
  <testcase classname="test.CheckIfExist" name="example1" time="0.007"/>
  <system-out/>
  <testcase classname="test.CheckIfExist" name="example4" time="0.001"/>
  <system-out/>
  <testcase classname="test.CheckIfExist" name="example7" time="0.001"/>
  <system-out/>
  <testcase classname="test.CheckIfExist" name="example5" time="0.001"/>
  <system-out/>
  <testcase classname="test.CheckIfExist" name="example6" time="0.001"/>
  <system-out/>
  <testcase classname="test.CheckIfExist" name="example3" time="0.001"/>
  <system-out/>
  <testcase classname="test.CheckIfExist" name="example2" time="0.001"/>
  <system-out/>
</testsuite> <!-- test.CheckIfExist -->
